This is pdfTeX, Version 3.14159265-2.6-1.40.19 (MiKTeX 2.9.6730 64-bit) (preloaded format=pdflatex 2018.7.9)  4 OCT 2018 09:22
entering extended mode
**./prav_pre.tex
(prav_pre.tex
LaTeX2e <2018-04-01> patch level 5
! Undefined control sequence.
l.1 \fakesection
                {}
The control sequence at the end of the top line
of your error message was never \def'ed. If you have
misspelled it (e.g., `\hobx'), type `I' and the correct
spelling (e.g., `I\hbox'). Otherwise just continue,
and I'll forget about whatever was undefined.


! Package inputenc Error: Unicode character –ü (U+41F)
(inputenc)                not set up for use with LaTeX.

See the inputenc package documentation for explanation.
Type  H <return>  for immediate help.
 ...                                              
                                                  
l.2 –ü
      —Ä–µ–¥—ä—è–≤–∏—Ç–µ–ª—å—Å–∫–∏–µ –∏—Å–ø—ã—Ç–∞–Ω–∏—è –≥–æ—Ç–æ–≤–æ–π –ø—Ä–...

You may provide a definition with
\DeclareUnicodeCharacter 


! Package inputenc Error: Unicode character —Ä (U+440)
(inputenc)                not set up for use with LaTeX.

See the inputenc package documentation for explanation.
Type  H <return>  for immediate help.
 ...                                              
                                                  
l.2 –ü—Ä
        –µ–¥—ä—è–≤–∏—Ç–µ–ª—å—Å–∫–∏–µ –∏—Å–ø—ã—Ç–∞–Ω–∏—è –≥–æ—Ç–æ–≤–æ–π –ø—Ä–...

You may provide a definition with
\DeclareUnicodeCharacter 


! Package inputenc Error: Unicode character –µ (U+435)
(inputenc)                not set up for use with LaTeX.

See the inputenc package documentation for explanation.
Type  H <return>  for immediate help.
 ...                                              
                                                  
l.2 –ü—Ä–µ
          –¥—ä—è–≤–∏—Ç–µ–ª—å—Å–∫–∏–µ –∏—Å–ø—ã—Ç–∞–Ω–∏—è –≥–æ—Ç–æ–≤–æ–π –ø—Ä–...

You may provide a definition with
\DeclareUnicodeCharacter 


! Package inputenc Error: Unicode character –¥ (U+434)
(inputenc)                not set up for use with LaTeX.

See the inputenc package documentation for explanation.
Type  H <return>  for immediate help.
 ...                                              
                                                  
l.2 –ü—Ä–µ–¥
            —ä—è–≤–∏—Ç–µ–ª—å—Å–∫–∏–µ –∏—Å–ø—ã—Ç–∞–Ω–∏—è –≥–æ—Ç–æ–≤–æ–π –ø—Ä–...

You may provide a definition with
\DeclareUnicodeCharacter 


! Package inputenc Error: Unicode character —ä (U+44A)
(inputenc)                not set up for use with LaTeX.

See the inputenc package documentation for explanation.
Type  H <return>  for immediate help.
 ...                                              
                                                  
l.2 –ü—Ä–µ–¥—ä
              —è–≤–∏—Ç–µ–ª—å—Å–∫–∏–µ –∏—Å–ø—ã—Ç–∞–Ω–∏—è –≥–æ—Ç–æ–≤–æ–π –ø—Ä–...

You may provide a definition with
\DeclareUnicodeCharacter 


! Package inputenc Error: Unicode character —è (U+44F)
(inputenc)                not set up for use with LaTeX.

See the inputenc package documentation for explanation.
Type  H <return>  for immediate help.
 ...                                              
                                                  
l.2 –ü—Ä–µ–¥—ä—è
                –≤–∏—Ç–µ–ª—å—Å–∫–∏–µ –∏—Å–ø—ã—Ç–∞–Ω–∏—è –≥–æ—Ç–æ–≤–æ–π –ø—Ä–...

You may provide a definition with
\DeclareUnicodeCharacter 


! Package inputenc Error: Unicode character –≤ (U+432)
(inputenc)                not set up for use with LaTeX.

See the inputenc package documentation for explanation.
Type  H <return>  for immediate help.
 ...                                              
                                                  
l.2 –ü—Ä–µ–¥—ä—è–≤
                  –∏—Ç–µ–ª—å—Å–∫–∏–µ –∏—Å–ø—ã—Ç–∞–Ω–∏—è –≥–æ—Ç–æ–≤–æ–π –ø—Ä–...

You may provide a definition with
\DeclareUnicodeCharacter 


! Package inputenc Error: Unicode character –∏ (U+438)
(inputenc)                not set up for use with LaTeX.

See the inputenc package documentation for explanation.
Type  H <return>  for immediate help.
 ...                                              
                                                  
l.2 –ü—Ä–µ–¥—ä—è–≤–∏
                    —Ç–µ–ª—å—Å–∫–∏–µ –∏—Å–ø—ã—Ç–∞–Ω–∏—è –≥–æ—Ç–æ–≤–æ–π –ø—Ä–...

You may provide a definition with
\DeclareUnicodeCharacter 


! Package inputenc Error: Unicode character —Ç (U+442)
(inputenc)                not set up for use with LaTeX.

See the inputenc package documentation for explanation.
Type  H <return>  for immediate help.
 ...                                              
                                                  
l.2 –ü—Ä–µ–¥—ä—è–≤–∏—Ç
                      –µ–ª—å—Å–∫–∏–µ –∏—Å–ø—ã—Ç–∞–Ω–∏—è –≥–æ—Ç–æ–≤–æ–π –ø—Ä–...

You may provide a definition with
\DeclareUnicodeCharacter 


! Package inputenc Error: Unicode character –µ (U+435)
(inputenc)                not set up for use with LaTeX.

See the inputenc package documentation for explanation.
Type  H <return>  for immediate help.
 ...                                              
                                                  
l.2 –ü—Ä–µ–¥—ä—è–≤–∏—Ç–µ
                        –ª—å—Å–∫–∏–µ –∏—Å–ø—ã—Ç–∞–Ω–∏—è –≥–æ—Ç–æ–≤–æ–π –ø—Ä–...

You may provide a definition with
\DeclareUnicodeCharacter 


! Package inputenc Error: Unicode character –ª (U+43B)
(inputenc)                not set up for use with LaTeX.

See the inputenc package documentation for explanation.
Type  H <return>  for immediate help.
 ...                                              
                                                  
l.2 –ü—Ä–µ–¥—ä—è–≤–∏—Ç–µ–ª
                          —å—Å–∫–∏–µ –∏—Å–ø—ã—Ç–∞–Ω–∏—è –≥–æ—Ç–æ–≤–æ–π –ø—Ä–...

You may provide a definition with
\DeclareUnicodeCharacter 


! Package inputenc Error: Unicode character —å (U+44C)
(inputenc)                not set up for use with LaTeX.

See the inputenc package documentation for explanation.
Type  H <return>  for immediate help.
 ...                                              
                                                  
l.2 –ü—Ä–µ–¥—ä—è–≤–∏—Ç–µ–ª—å
                            —Å–∫–∏–µ –∏—Å–ø—ã—Ç–∞–Ω–∏—è –≥–æ—Ç–æ–≤–æ–π –ø—Ä–...

You may provide a definition with
\DeclareUnicodeCharacter 


! Package inputenc Error: Unicode character —Å (U+441)
(inputenc)                not set up for use with LaTeX.

See the inputenc package documentation for explanation.
Type  H <return>  for immediate help.
 ...                                              
                                                  
l.2 –ü—Ä–µ–¥—ä—è–≤–∏—Ç–µ–ª—å—Å
                              –∫–∏–µ –∏—Å–ø—ã—Ç–∞–Ω–∏—è –≥–æ—Ç–æ–≤–æ–π –ø—Ä–...

You may provide a definition with
\DeclareUnicodeCharacter 


! Package inputenc Error: Unicode character –∫ (U+43A)
(inputenc)                not set up for use with LaTeX.

See the inputenc package documentation for explanation.
Type  H <return>  for immediate help.
 ...                                              
                                                  
l.2 –ü—Ä–µ–¥—ä—è–≤–∏—Ç–µ–ª—å—Å–∫
                                –∏–µ –∏—Å–ø—ã—Ç–∞–Ω–∏—è –≥–æ—Ç–æ–≤–æ–π –ø—Ä–...

You may provide a definition with
\DeclareUnicodeCharacter 


! Package inputenc Error: Unicode character –∏ (U+438)
(inputenc)                not set up for use with LaTeX.

See the inputenc package documentation for explanation.
Type  H <return>  for immediate help.
 ...                                              
                                                  
l.2 –ü—Ä–µ–¥—ä—è–≤–∏—Ç–µ–ª—å—Å–∫–∏
                                  –µ –∏—Å–ø—ã—Ç–∞–Ω–∏—è –≥–æ—Ç–æ–≤–æ–π –ø—Ä–...

You may provide a definition with
\DeclareUnicodeCharacter 


! Package inputenc Error: Unicode character –µ (U+435)
(inputenc)                not set up for use with LaTeX.

See the inputenc package documentation for explanation.
Type  H <return>  for immediate help.
 ...                                              
                                                  
l.2 –ü—Ä–µ–¥—ä—è–≤–∏—Ç–µ–ª—å—Å–∫–∏–µ
                                     –∏—Å–ø—ã—Ç–∞–Ω–∏—è –≥–æ—Ç–æ–≤–æ–π –ø—Ä–...

You may provide a definition with
\DeclareUnicodeCharacter 


! Package inputenc Error: Unicode character –∏ (U+438)
(inputenc)                not set up for use with LaTeX.

See the inputenc package documentation for explanation.
Type  H <return>  for immediate help.
 ...                                              
                                                  
l.2 –ü—Ä–µ–¥—ä—è–≤–∏—Ç–µ–ª—å—Å–∫–∏–µ –∏
                                       —Å–ø—ã—Ç–∞–Ω–∏—è –≥–æ—Ç–æ–≤–æ–π –ø—Ä–...

You may provide a definition with
\DeclareUnicodeCharacter 


! Package inputenc Error: Unicode character —Å (U+441)
(inputenc)                not set up for use with LaTeX.

See the inputenc package documentation for explanation.
Type  H <return>  for immediate help.
 ...                                              
                                                  
l.2 –ü—Ä–µ–¥—ä—è–≤–∏—Ç–µ–ª—å—Å–∫–∏–µ –∏—Å
                                         –ø—ã—Ç–∞–Ω–∏—è –≥–æ—Ç–æ–≤–æ–π –ø—Ä–...

You may provide a definition with
\DeclareUnicodeCharacter 


! Package inputenc Error: Unicode character –ø (U+43F)
(inputenc)                not set up for use with LaTeX.

See the inputenc package documentation for explanation.
Type  H <return>  for immediate help.
 ...                                              
                                                  
l.2 –ü—Ä–µ–¥—ä—è–≤–∏—Ç–µ–ª—å—Å–∫–∏–µ –∏—Å–ø
                                           —ã—Ç–∞–Ω–∏—è –≥–æ—Ç–æ–≤–æ–π –ø—Ä–...

You may provide a definition with
\DeclareUnicodeCharacter 


! Package inputenc Error: Unicode character —ã (U+44B)
(inputenc)                not set up for use with LaTeX.

See the inputenc package documentation for explanation.
Type  H <return>  for immediate help.
 ...                                              
                                                  
l.2 –ü—Ä–µ–¥—ä—è–≤–∏—Ç–µ–ª—å—Å–∫–∏–µ –∏—Å–ø—ã
                                             —Ç–∞–Ω–∏—è –≥–æ—Ç–æ–≤–æ–π –ø—Ä–...

You may provide a definition with
\DeclareUnicodeCharacter 


! Package inputenc Error: Unicode character —Ç (U+442)
(inputenc)                not set up for use with LaTeX.

See the inputenc package documentation for explanation.
Type  H <return>  for immediate help.
 ...                                              
                                                  
l.2 –ü—Ä–µ–¥—ä—è–≤–∏—Ç–µ–ª—å—Å–∫–∏–µ –∏—Å–ø—ã—Ç
                                               –∞–Ω–∏—è –≥–æ—Ç–æ–≤–æ–π –ø—Ä–...

You may provide a definition with
\DeclareUnicodeCharacter 


! Package inputenc Error: Unicode character –∞ (U+430)
(inputenc)                not set up for use with LaTeX.

See the inputenc package documentation for explanation.
Type  H <return>  for immediate help.
 ...                                              
                                                  
l.2 –ü—Ä–µ–¥—ä—è–≤–∏—Ç–µ–ª—å—Å–∫–∏–µ –∏—Å–ø—ã—Ç–∞
                                                 –Ω–∏—è –≥–æ—Ç–æ–≤–æ–π –ø—Ä–...

You may provide a definition with
\DeclareUnicodeCharacter 


! Package inputenc Error: Unicode character –Ω (U+43D)
(inputenc)                not set up for use with LaTeX.

See the inputenc package documentation for explanation.
Type  H <return>  for immediate help.
 ...                                              
                                                  
l.2 ...–µ–¥—ä—è–≤–∏—Ç–µ–ª—å—Å–∫–∏–µ –∏—Å–ø—ã—Ç–∞–Ω
                                                  –∏—è –≥–æ—Ç–æ–≤–æ–π –ø—Ä–æ...

You may provide a definition with
\DeclareUnicodeCharacter 


! Package inputenc Error: Unicode character –∏ (U+438)
(inputenc)                not set up for use with LaTeX.

See the inputenc package documentation for explanation.
Type  H <return>  for immediate help.
 ...                                              
                                                  
l.2 ...–¥—ä—è–≤–∏—Ç–µ–ª—å—Å–∫–∏–µ –∏—Å–ø—ã—Ç–∞–Ω–∏
                                                  —è –≥–æ—Ç–æ–≤–æ–π –ø—Ä–æ–¥...

You may provide a definition with
\DeclareUnicodeCharacter 


! Package inputenc Error: Unicode character —è (U+44F)
(inputenc)                not set up for use with LaTeX.

See the inputenc package documentation for explanation.
Type  H <return>  for immediate help.
 ...                                              
                                                  
l.2 ...—ä—è–≤–∏—Ç–µ–ª—å—Å–∫–∏–µ –∏—Å–ø—ã—Ç–∞–Ω–∏—è
                                                   –≥–æ—Ç–æ–≤–æ–π –ø—Ä–æ–¥—É...

You may provide a definition with
\DeclareUnicodeCharacter 


! Package inputenc Error: Unicode character –≥ (U+433)
(inputenc)                not set up for use with LaTeX.

See the inputenc package documentation for explanation.
Type  H <return>  for immediate help.
 ...                                              
                                                  
l.2 ...è–≤–∏—Ç–µ–ª—å—Å–∫–∏–µ –∏—Å–ø—ã—Ç–∞–Ω–∏—è –≥
                                                  –æ—Ç–æ–≤–æ–π –ø—Ä–æ–¥—É–∫—...

You may provide a definition with
\DeclareUnicodeCharacter 


! Package inputenc Error: Unicode character –æ (U+43E)
(inputenc)                not set up for use with LaTeX.

See the inputenc package documentation for explanation.
Type  H <return>  for immediate help.
 ...                                              
                                                  
l.2 ...≤–∏—Ç–µ–ª—å—Å–∫–∏–µ –∏—Å–ø—ã—Ç–∞–Ω–∏—è –≥–æ
                                                  —Ç–æ–≤–æ–π –ø—Ä–æ–¥—É–∫—Ü–...

You may provide a definition with
\DeclareUnicodeCharacter 


! Package inputenc Error: Unicode character —Ç (U+442)
(inputenc)                not set up for use with LaTeX.

See the inputenc package documentation for explanation.
Type  H <return>  for immediate help.
 ...                                              
                                                  
l.2 ...∏—Ç–µ–ª—å—Å–∫–∏–µ –∏—Å–ø—ã—Ç–∞–Ω–∏—è –≥–æ—Ç
                                                  –æ–≤–æ–π –ø—Ä–æ–¥—É–∫—Ü–∏–...

You may provide a definition with
\DeclareUnicodeCharacter 


! Package inputenc Error: Unicode character –æ (U+43E)
(inputenc)                not set up for use with LaTeX.

See the inputenc package documentation for explanation.
Type  H <return>  for immediate help.
 ...                                              
                                                  
l.2 ...Ç–µ–ª—å—Å–∫–∏–µ –∏—Å–ø—ã—Ç–∞–Ω–∏—è –≥–æ—Ç–æ
                                                  –≤–æ–π –ø—Ä–æ–¥—É–∫—Ü–∏–∏ ...

You may provide a definition with
\DeclareUnicodeCharacter 


! Package inputenc Error: Unicode character –≤ (U+432)
(inputenc)                not set up for use with LaTeX.

See the inputenc package documentation for explanation.
Type  H <return>  for immediate help.
 ...                                              
                                                  
l.2 ...µ–ª—å—Å–∫–∏–µ –∏—Å–ø—ã—Ç–∞–Ω–∏—è –≥–æ—Ç–æ–≤
                                                  –æ–π –ø—Ä–æ–¥—É–∫—Ü–∏–∏ –û...

You may provide a definition with
\DeclareUnicodeCharacter 


! Package inputenc Error: Unicode character –æ (U+43E)
(inputenc)                not set up for use with LaTeX.

See the inputenc package documentation for explanation.
Type  H <return>  for immediate help.
 ...                                              
                                                  
l.2 ...ª—å—Å–∫–∏–µ –∏—Å–ø—ã—Ç–∞–Ω–∏—è –≥–æ—Ç–æ–≤–æ
                                                  –π –ø—Ä–æ–¥—É–∫—Ü–∏–∏ –û–¢...

You may provide a definition with
\DeclareUnicodeCharacter 


! Package inputenc Error: Unicode character –π (U+439)
(inputenc)                not set up for use with LaTeX.

See the inputenc package documentation for explanation.
Type  H <return>  for immediate help.
 ...                                              
                                                  
l.2 ...å—Å–∫–∏–µ –∏—Å–ø—ã—Ç–∞–Ω–∏—è –≥–æ—Ç–æ–≤–æ–π
                                                   –ø—Ä–æ–¥—É–∫—Ü–∏–∏ –û–¢–ö...

You may provide a definition with
\DeclareUnicodeCharacter 


! Package inputenc Error: Unicode character –ø (U+43F)
(inputenc)                not set up for use with LaTeX.

See the inputenc package documentation for explanation.
Type  H <return>  for immediate help.
 ...                                              
                                                  
l.2 ...–∫–∏–µ –∏—Å–ø—ã—Ç–∞–Ω–∏—è –≥–æ—Ç–æ–≤–æ–π –ø
                                                  —Ä–æ–¥—É–∫—Ü–∏–∏ –û–¢–ö –ø...

You may provide a definition with
\DeclareUnicodeCharacter 


! Package inputenc Error: Unicode character —Ä (U+440)
(inputenc)                not set up for use with LaTeX.

See the inputenc package documentation for explanation.
Type  H <return>  for immediate help.
 ...                                              
                                                  
l.2 ...–∏–µ –∏—Å–ø—ã—Ç–∞–Ω–∏—è –≥–æ—Ç–æ–≤–æ–π –ø—Ä
                                                  –æ–¥—É–∫—Ü–∏–∏ –û–¢–ö –ø—Ä...

You may provide a definition with
\DeclareUnicodeCharacter 


! Package inputenc Error: Unicode character –æ (U+43E)
(inputenc)                not set up for use with LaTeX.

See the inputenc package documentation for explanation.
Type  H <return>  for immediate help.
 ...                                              
                                                  
l.2 ...–µ –∏—Å–ø—ã—Ç–∞–Ω–∏—è –≥–æ—Ç–æ–≤–æ–π –ø—Ä–æ
                                                  –¥—É–∫—Ü–∏–∏ –û–¢–ö –ø—Ä–æ...

You may provide a definition with
\DeclareUnicodeCharacter 


! Package inputenc Error: Unicode character –¥ (U+434)
(inputenc)                not set up for use with LaTeX.

See the inputenc package documentation for explanation.
Type  H <return>  for immediate help.
 ...                                              
                                                  
l.2 ... –∏—Å–ø—ã—Ç–∞–Ω–∏—è –≥–æ—Ç–æ–≤–æ–π –ø—Ä–æ–¥
                                                  —É–∫—Ü–∏–∏ –û–¢–ö –ø—Ä–æ–≤...

You may provide a definition with
\DeclareUnicodeCharacter 


! Package inputenc Error: Unicode character —É (U+443)
(inputenc)                not set up for use with LaTeX.

See the inputenc package documentation for explanation.
Type  H <return>  for immediate help.
 ...                                              
                                                  
l.2 ...∏—Å–ø—ã—Ç–∞–Ω–∏—è –≥–æ—Ç–æ–≤–æ–π –ø—Ä–æ–¥—É
                                                  –∫—Ü–∏–∏ –û–¢–ö –ø—Ä–æ–≤–æ...

You may provide a definition with
\DeclareUnicodeCharacter 


! Package inputenc Error: Unicode character –∫ (U+43A)
(inputenc)                not set up for use with LaTeX.

See the inputenc package documentation for explanation.
Type  H <return>  for immediate help.
 ...                                              
                                                  
l.2 ...Å–ø—ã—Ç–∞–Ω–∏—è –≥–æ—Ç–æ–≤–æ–π –ø—Ä–æ–¥—É–∫
                                                  —Ü–∏–∏ –û–¢–ö –ø—Ä–æ–≤–æ–¥...

You may provide a definition with
\DeclareUnicodeCharacter 


! Package inputenc Error: Unicode character —Ü (U+446)
(inputenc)                not set up for use with LaTeX.

See the inputenc package documentation for explanation.
Type  H <return>  for immediate help.
 ...                                              
                                                  
l.2 ...ø—ã—Ç–∞–Ω–∏—è –≥–æ—Ç–æ–≤–æ–π –ø—Ä–æ–¥—É–∫—Ü
                                                  –∏–∏ –û–¢–ö –ø—Ä–æ–≤–æ–¥–∏...

You may provide a definition with
\DeclareUnicodeCharacter 


! Package inputenc Error: Unicode character –∏ (U+438)
(inputenc)                not set up for use with LaTeX.

See the inputenc package documentation for explanation.
Type  H <return>  for immediate help.
 ...                                              
                                                  
l.2 ...ã—Ç–∞–Ω–∏—è –≥–æ—Ç–æ–≤–æ–π –ø—Ä–æ–¥—É–∫—Ü–∏
                                                  –∏ –û–¢–ö –ø—Ä–æ–≤–æ–¥–∏—Ç...

You may provide a definition with
\DeclareUnicodeCharacter 


! Package inputenc Error: Unicode character –∏ (U+438)
(inputenc)                not set up for use with LaTeX.

See the inputenc package documentation for explanation.
Type  H <return>  for immediate help.
 ...                                              
                                                  
l.2 ...Ç–∞–Ω–∏—è –≥–æ—Ç–æ–≤–æ–π –ø—Ä–æ–¥—É–∫—Ü–∏–∏
                                                   –û–¢–ö –ø—Ä–æ–≤–æ–¥–∏—Ç —...

You may provide a definition with
\DeclareUnicodeCharacter 


! Package inputenc Error: Unicode character –û (U+41E)
(inputenc)                not set up for use with LaTeX.

See the inputenc package documentation for explanation.
Type  H <return>  for immediate help.
 ...                                              
                                                  
l.2 ...–Ω–∏—è –≥–æ—Ç–æ–≤–æ–π –ø—Ä–æ–¥—É–∫—Ü–∏–∏ –û
                                                  –¢–ö –ø—Ä–æ–≤–æ–¥–∏—Ç —Å —...

You may provide a definition with
\DeclareUnicodeCharacter 


! Package inputenc Error: Unicode character –¢ (U+422)
(inputenc)                not set up for use with LaTeX.

See the inputenc package documentation for explanation.
Type  H <return>  for immediate help.
 ...                                              
                                                  
l.2 ...–∏—è –≥–æ—Ç–æ–≤–æ–π –ø—Ä–æ–¥—É–∫—Ü–∏–∏ –û–¢
                                                  –ö –ø—Ä–æ–≤–æ–¥–∏—Ç —Å —Ü–...

You may provide a definition with
\DeclareUnicodeCharacter 


! Package inputenc Error: Unicode character –ö (U+41A)
(inputenc)                not set up for use with LaTeX.

See the inputenc package documentation for explanation.
Type  H <return>  for immediate help.
 ...                                              
                                                  
l.2 ...—è –≥–æ—Ç–æ–≤–æ–π –ø—Ä–æ–¥—É–∫—Ü–∏–∏ –û–¢–ö
                                                   –ø—Ä–æ–≤–æ–¥–∏—Ç —Å —Ü–µ–...

You may provide a definition with
\DeclareUnicodeCharacter 


! Package inputenc Error: Unicode character –ø (U+43F)
(inputenc)                not set up for use with LaTeX.

See the inputenc package documentation for explanation.
Type  H <return>  for immediate help.
 ...                                              
                                                  
l.2 ...–≥–æ—Ç–æ–≤–æ–π –ø—Ä–æ–¥—É–∫—Ü–∏–∏ –û–¢–ö –ø
                                                  —Ä–æ–≤–æ–¥–∏—Ç —Å —Ü–µ–ª—å...

You may provide a definition with
\DeclareUnicodeCharacter 


! Package inputenc Error: Unicode character —Ä (U+440)
(inputenc)                not set up for use with LaTeX.

See the inputenc package documentation for explanation.
Type  H <return>  for immediate help.
 ...                                              
                                                  
l.2 ...–æ—Ç–æ–≤–æ–π –ø—Ä–æ–¥—É–∫—Ü–∏–∏ –û–¢–ö –ø—Ä
                                                  –æ–≤–æ–¥–∏—Ç —Å —Ü–µ–ª—å—é...

You may provide a definition with
\DeclareUnicodeCharacter 


! Package inputenc Error: Unicode character –æ (U+43E)
(inputenc)                not set up for use with LaTeX.

See the inputenc package documentation for explanation.
Type  H <return>  for immediate help.
 ...                                              
                                                  
l.2 ...—Ç–æ–≤–æ–π –ø—Ä–æ–¥—É–∫—Ü–∏–∏ –û–¢–ö –ø—Ä–æ
                                                  –≤–æ–¥–∏—Ç —Å —Ü–µ–ª—å—é –...

You may provide a definition with
\DeclareUnicodeCharacter 


! Package inputenc Error: Unicode character –≤ (U+432)
(inputenc)                not set up for use with LaTeX.

See the inputenc package documentation for explanation.
Type  H <return>  for immediate help.
 ...                                              
                                                  
l.2 ...–æ–≤–æ–π –ø—Ä–æ–¥—É–∫—Ü–∏–∏ –û–¢–ö –ø—Ä–æ–≤
                                                  –æ–¥–∏—Ç —Å —Ü–µ–ª—å—é –∫–...

You may provide a definition with
\DeclareUnicodeCharacter 


! Package inputenc Error: Unicode character –æ (U+43E)
(inputenc)                not set up for use with LaTeX.

See the inputenc package documentation for explanation.
Type  H <return>  for immediate help.
 ...                                              
                                                  
l.2 ...–≤–æ–π –ø—Ä–æ–¥—É–∫—Ü–∏–∏ –û–¢–ö –ø—Ä–æ–≤–æ
                                                  –¥–∏—Ç —Å —Ü–µ–ª—å—é –∫–æ–...

You may provide a definition with
\DeclareUnicodeCharacter 


! Package inputenc Error: Unicode character –¥ (U+434)
(inputenc)                not set up for use with LaTeX.

See the inputenc package documentation for explanation.
Type  H <return>  for immediate help.
 ...                                              
                                                  
l.2 ...–æ–π –ø—Ä–æ–¥—É–∫—Ü–∏–∏ –û–¢–ö –ø—Ä–æ–≤–æ–¥
                                                  –∏—Ç —Å —Ü–µ–ª—å—é –∫–æ–Ω—...

You may provide a definition with
\DeclareUnicodeCharacter 


! Package inputenc Error: Unicode character –∏ (U+438)
(inputenc)                not set up for use with LaTeX.

See the inputenc package documentation for explanation.
Type  H <return>  for immediate help.
 ...                                              
                                                  
l.2 ...–π –ø—Ä–æ–¥—É–∫—Ü–∏–∏ –û–¢–ö –ø—Ä–æ–≤–æ–¥–∏
                                                  —Ç —Å —Ü–µ–ª—å—é –∫–æ–Ω—Ç—...

You may provide a definition with
\DeclareUnicodeCharacter 


! Package inputenc Error: Unicode character —Ç (U+442)
(inputenc)                not set up for use with LaTeX.

See the inputenc package documentation for explanation.
Type  H <return>  for immediate help.
 ...                                              
                                                  
l.2 ... –ø—Ä–æ–¥—É–∫—Ü–∏–∏ –û–¢–ö –ø—Ä–æ–≤–æ–¥–∏—Ç
                                                   —Å —Ü–µ–ª—å—é –∫–æ–Ω—Ç—Ä–...

You may provide a definition with
\DeclareUnicodeCharacter 


! Package inputenc Error: Unicode character —Å (U+441)
(inputenc)                not set up for use with LaTeX.

See the inputenc package documentation for explanation.
Type  H <return>  for immediate help.
 ...                                              
                                                  
l.2 ...—Ä–æ–¥—É–∫—Ü–∏–∏ –û–¢–ö –ø—Ä–æ–≤–æ–¥–∏—Ç —Å
                                                   —Ü–µ–ª—å—é –∫–æ–Ω—Ç—Ä–æ–ª...

You may provide a definition with
\DeclareUnicodeCharacter 


! Package inputenc Error: Unicode character —Ü (U+446)
(inputenc)                not set up for use with LaTeX.

See the inputenc package documentation for explanation.
Type  H <return>  for immediate help.
 ...                                              
                                                  
l.2 ...æ–¥—É–∫—Ü–∏–∏ –û–¢–ö –ø—Ä–æ–≤–æ–¥–∏—Ç —Å —Ü
                                                  –µ–ª—å—é –∫–æ–Ω—Ç—Ä–æ–ª—è ...

You may provide a definition with
\DeclareUnicodeCharacter 


! Package inputenc Error: Unicode character –µ (U+435)
(inputenc)                not set up for use with LaTeX.

See the inputenc package documentation for explanation.
Type  H <return>  for immediate help.
 ...                                              
                                                  
l.2 ...¥—É–∫—Ü–∏–∏ –û–¢–ö –ø—Ä–æ–≤–æ–¥–∏—Ç —Å —Ü–µ
                                                  –ª—å—é –∫–æ–Ω—Ç—Ä–æ–ª—è –∏...

You may provide a definition with
\DeclareUnicodeCharacter 


! Package inputenc Error: Unicode character –ª (U+43B)
(inputenc)                not set up for use with LaTeX.

See the inputenc package documentation for explanation.
Type  H <return>  for immediate help.
 ...                                              
                                                  
l.2 ...É–∫—Ü–∏–∏ –û–¢–ö –ø—Ä–æ–≤–æ–¥–∏—Ç —Å —Ü–µ–ª
                                                  —å—é –∫–æ–Ω—Ç—Ä–æ–ª—è –∏–∑...

You may provide a definition with
\DeclareUnicodeCharacter 


! Package inputenc Error: Unicode character —å (U+44C)
(inputenc)                not set up for use with LaTeX.

See the inputenc package documentation for explanation.
Type  H <return>  for immediate help.
 ...                                              
                                                  
l.2 ...∫—Ü–∏–∏ –û–¢–ö –ø—Ä–æ–≤–æ–¥–∏—Ç —Å —Ü–µ–ª—å
                                                  —é –∫–æ–Ω—Ç—Ä–æ–ª—è –∏–∑–¥...

You may provide a definition with
\DeclareUnicodeCharacter 


! Package inputenc Error: Unicode character —é (U+44E)
(inputenc)                not set up for use with LaTeX.

See the inputenc package documentation for explanation.
Type  H <return>  for immediate help.
 ...                                              
                                                  
l.2 ...Ü–∏–∏ –û–¢–ö –ø—Ä–æ–≤–æ–¥–∏—Ç —Å —Ü–µ–ª—å—é
                                                   –∫–æ–Ω—Ç—Ä–æ–ª—è –∏–∑–¥–µ...

You may provide a definition with
\DeclareUnicodeCharacter 


! Package inputenc Error: Unicode character –∫ (U+43A)
(inputenc)                not set up for use with LaTeX.

See the inputenc package documentation for explanation.
Type  H <return>  for immediate help.
 ...                                              
                                                  
l.2 ...–∏ –û–¢–ö –ø—Ä–æ–≤–æ–¥–∏—Ç —Å —Ü–µ–ª—å—é –∫
                                                  –æ–Ω—Ç—Ä–æ–ª—è –∏–∑–¥–µ–ª–...

You may provide a definition with
\DeclareUnicodeCharacter 


! Package inputenc Error: Unicode character –æ (U+43E)
(inputenc)                not set up for use with LaTeX.

See the inputenc package documentation for explanation.
Type  H <return>  for immediate help.
 ...                                              
                                                  
l.2 ... –û–¢–ö –ø—Ä–æ–≤–æ–¥–∏—Ç —Å —Ü–µ–ª—å—é –∫–æ
                                                  –Ω—Ç—Ä–æ–ª—è –∏–∑–¥–µ–ª–∏–...

You may provide a definition with
\DeclareUnicodeCharacter 


! Package inputenc Error: Unicode character –Ω (U+43D)
(inputenc)                not set up for use with LaTeX.

See the inputenc package documentation for explanation.
Type  H <return>  for immediate help.
 ...                                              
                                                  
l.2 ...û–¢–ö –ø—Ä–æ–≤–æ–¥–∏—Ç —Å —Ü–µ–ª—å—é –∫–æ–Ω
                                                  —Ç—Ä–æ–ª—è –∏–∑–¥–µ–ª–∏–π ...

You may provide a definition with
\DeclareUnicodeCharacter 


! Package inputenc Error: Unicode character —Ç (U+442)
(inputenc)                not set up for use with LaTeX.

See the inputenc package documentation for explanation.
Type  H <return>  for immediate help.
 ...                                              
                                                  
l.2 ...¢–ö –ø—Ä–æ–≤–æ–¥–∏—Ç —Å —Ü–µ–ª—å—é –∫–æ–Ω—Ç
                                                  —Ä–æ–ª—è –∏–∑–¥–µ–ª–∏–π –Ω...

You may provide a definition with
\DeclareUnicodeCharacter 


! Package inputenc Error: Unicode character —Ä (U+440)
(inputenc)                not set up for use with LaTeX.

See the inputenc package documentation for explanation.
Type  H <return>  for immediate help.
 ...                                              
                                                  
l.2 ...ö –ø—Ä–æ–≤–æ–¥–∏—Ç —Å —Ü–µ–ª—å—é –∫–æ–Ω—Ç—Ä
                                                  –æ–ª—è –∏–∑–¥–µ–ª–∏–π –Ω–∞...

You may provide a definition with
\DeclareUnicodeCharacter 


! Package inputenc Error: Unicode character –æ (U+43E)
(inputenc)                not set up for use with LaTeX.

See the inputenc package documentation for explanation.
Type  H <return>  for immediate help.
 ...                                              
                                                  
l.2 ...–ø—Ä–æ–≤–æ–¥–∏—Ç —Å —Ü–µ–ª—å—é –∫–æ–Ω—Ç—Ä–æ
                                                  –ª—è –∏–∑–¥–µ–ª–∏–π –Ω–∞ —...

You may provide a definition with
\DeclareUnicodeCharacter 


! Package inputenc Error: Unicode character –ª (U+43B)
(inputenc)                not set up for use with LaTeX.

See the inputenc package documentation for explanation.
Type  H <return>  for immediate help.
 ...                                              
                                                  
l.2 ...—Ä–æ–≤–æ–¥–∏—Ç —Å —Ü–µ–ª—å—é –∫–æ–Ω—Ç—Ä–æ–ª
                                                  —è –∏–∑–¥–µ–ª–∏–π –Ω–∞ —Å–...

You may provide a definition with
\DeclareUnicodeCharacter 


! Package inputenc Error: Unicode character —è (U+44F)
(inputenc)                not set up for use with LaTeX.

See the inputenc package documentation for explanation.
Type  H <return>  for immediate help.
 ...                                              
                                                  
l.2 ...–æ–≤–æ–¥–∏—Ç —Å —Ü–µ–ª—å—é –∫–æ–Ω—Ç—Ä–æ–ª—è
                                                   –∏–∑–¥–µ–ª–∏–π –Ω–∞ —Å–æ–...

You may provide a definition with
\DeclareUnicodeCharacter 


! Package inputenc Error: Unicode character –∏ (U+438)
(inputenc)                not set up for use with LaTeX.

See the inputenc package documentation for explanation.
Type  H <return>  for immediate help.
 ...                                              
                                                  
l.2 ...≤–æ–¥–∏—Ç —Å —Ü–µ–ª—å—é –∫–æ–Ω—Ç—Ä–æ–ª—è –∏
                                                  –∑–¥–µ–ª–∏–π –Ω–∞ —Å–æ–æ—Ç...

You may provide a definition with
\DeclareUnicodeCharacter 


! Package inputenc Error: Unicode character –∑ (U+437)
(inputenc)                not set up for use with LaTeX.

See the inputenc package documentation for explanation.
Type  H <return>  for immediate help.
 ...                                              
                                                  
l.2 ...æ–¥–∏—Ç —Å —Ü–µ–ª—å—é –∫–æ–Ω—Ç—Ä–æ–ª—è –∏–∑
                                                  –¥–µ–ª–∏–π –Ω–∞ —Å–æ–æ—Ç–≤...

You may provide a definition with
\DeclareUnicodeCharacter 


! Package inputenc Error: Unicode character –¥ (U+434)
(inputenc)                not set up for use with LaTeX.

See the inputenc package documentation for explanation.
Type  H <return>  for immediate help.
 ...                                              
                                                  
l.2 ...¥–∏—Ç —Å —Ü–µ–ª—å—é –∫–æ–Ω—Ç—Ä–æ–ª—è –∏–∑–¥
                                                  –µ–ª–∏–π –Ω–∞ —Å–æ–æ—Ç–≤–µ...

You may provide a definition with
\DeclareUnicodeCharacter 


! Package inputenc Error: Unicode character –µ (U+435)
(inputenc)                not set up for use with LaTeX.

See the inputenc package documentation for explanation.
Type  H <return>  for immediate help.
 ...                                              
                                                  
l.2 ...∏—Ç —Å —Ü–µ–ª—å—é –∫–æ–Ω—Ç—Ä–æ–ª—è –∏–∑–¥–µ
                                                  –ª–∏–π –Ω–∞ —Å–æ–æ—Ç–≤–µ—Ç...

You may provide a definition with
\DeclareUnicodeCharacter 


! Package inputenc Error: Unicode character –ª (U+43B)
(inputenc)                not set up for use with LaTeX.

See the inputenc package documentation for explanation.
Type  H <return>  for immediate help.
 ...                                              
                                                  
l.2 ...Ç —Å —Ü–µ–ª—å—é –∫–æ–Ω—Ç—Ä–æ–ª—è –∏–∑–¥–µ–ª
                                                  –∏–π –Ω–∞ —Å–æ–æ—Ç–≤–µ—Ç—Å...

You may provide a definition with
\DeclareUnicodeCharacter 


! Package inputenc Error: Unicode character –∏ (U+438)
(inputenc)                not set up for use with LaTeX.

See the inputenc package documentation for explanation.
Type  H <return>  for immediate help.
 ...                                              
                                                  
l.2 ...—Å —Ü–µ–ª—å—é –∫–æ–Ω—Ç—Ä–æ–ª—è –∏–∑–¥–µ–ª–∏
                                                  –π –Ω–∞ —Å–æ–æ—Ç–≤–µ—Ç—Å—Ç...

You may provide a definition with
\DeclareUnicodeCharacter 


! Package inputenc Error: Unicode character –π (U+439)
(inputenc)                not set up for use with LaTeX.

See the inputenc package documentation for explanation.
Type  H <return>  for immediate help.
 ...                                              
                                                  
l.2 ... —Ü–µ–ª—å—é –∫–æ–Ω—Ç—Ä–æ–ª—è –∏–∑–¥–µ–ª–∏–π
                                                   –Ω–∞ —Å–æ–æ—Ç–≤–µ—Ç—Å—Ç–≤...

You may provide a definition with
\DeclareUnicodeCharacter 


! Package inputenc Error: Unicode character –Ω (U+43D)
(inputenc)                not set up for use with LaTeX.

See the inputenc package documentation for explanation.
Type  H <return>  for immediate help.
 ...                                              
                                                  
l.2 ...–µ–ª—å—é –∫–æ–Ω—Ç—Ä–æ–ª—è –∏–∑–¥–µ–ª–∏–π –Ω
                                                  –∞ —Å–æ–æ—Ç–≤–µ—Ç—Å—Ç–≤–∏–...

You may provide a definition with
\DeclareUnicodeCharacter 


! Package inputenc Error: Unicode character –∞ (U+430)
(inputenc)                not set up for use with LaTeX.

See the inputenc package documentation for explanation.
Type  H <return>  for immediate help.
 ...                                              
                                                  
l.2 ...–ª—å—é –∫–æ–Ω—Ç—Ä–æ–ª—è –∏–∑–¥–µ–ª–∏–π –Ω–∞
                                                   —Å–æ–æ—Ç–≤–µ—Ç—Å—Ç–≤–∏–µ ...

You may provide a definition with
\DeclareUnicodeCharacter 


! Package inputenc Error: Unicode character —Å (U+441)
(inputenc)                not set up for use with LaTeX.

See the inputenc package documentation for explanation.
Type  H <return>  for immediate help.
 ...                                              
                                                  
l.2 ...å—é –∫–æ–Ω—Ç—Ä–æ–ª—è –∏–∑–¥–µ–ª–∏–π –Ω–∞ —Å
                                                  –æ–æ—Ç–≤–µ—Ç—Å—Ç–≤–∏–µ —Ç—...

You may provide a definition with
\DeclareUnicodeCharacter 


! Package inputenc Error: Unicode character –æ (U+43E)
(inputenc)                not set up for use with LaTeX.

See the inputenc package documentation for explanation.
Type  H <return>  for immediate help.
 ...                                              
                                                  
l.2 ...é –∫–æ–Ω—Ç—Ä–æ–ª—è –∏–∑–¥–µ–ª–∏–π –Ω–∞ —Å–æ
                                                  –æ—Ç–≤–µ—Ç—Å—Ç–≤–∏–µ —Ç—Ä–...

You may provide a definition with
\DeclareUnicodeCharacter 


! Package inputenc Error: Unicode character –æ (U+43E)
(inputenc)                not set up for use with LaTeX.

See the inputenc package documentation for explanation.
Type  H <return>  for immediate help.
 ...                                              
                                                  
l.2 ...–∫–æ–Ω—Ç—Ä–æ–ª—è –∏–∑–¥–µ–ª–∏–π –Ω–∞ —Å–æ–æ
                                                  —Ç–≤–µ—Ç—Å—Ç–≤–∏–µ —Ç—Ä–µ–...

You may provide a definition with
\DeclareUnicodeCharacter 


! Package inputenc Error: Unicode character —Ç (U+442)
(inputenc)                not set up for use with LaTeX.

See the inputenc package documentation for explanation.
Type  H <return>  for immediate help.
 ...                                              
                                                  
l.2 ...–æ–Ω—Ç—Ä–æ–ª—è –∏–∑–¥–µ–ª–∏–π –Ω–∞ —Å–æ–æ—Ç
                                                  –≤–µ—Ç—Å—Ç–≤–∏–µ —Ç—Ä–µ–±–...

You may provide a definition with
\DeclareUnicodeCharacter 


! Package inputenc Error: Unicode character –≤ (U+432)
(inputenc)                not set up for use with LaTeX.

See the inputenc package documentation for explanation.
Type  H <return>  for immediate help.
 ...                                              
                                                  
l.2 ...–Ω—Ç—Ä–æ–ª—è –∏–∑–¥–µ–ª–∏–π –Ω–∞ —Å–æ–æ—Ç–≤
                                                  –µ—Ç—Å—Ç–≤–∏–µ —Ç—Ä–µ–±–æ–...

You may provide a definition with
\DeclareUnicodeCharacter 


! Package inputenc Error: Unicode character –µ (U+435)
(inputenc)                not set up for use with LaTeX.

See the inputenc package documentation for explanation.
Type  H <return>  for immediate help.
 ...                                              
                                                  
l.2 ...—Ç—Ä–æ–ª—è –∏–∑–¥–µ–ª–∏–π –Ω–∞ —Å–æ–æ—Ç–≤–µ
                                                  —Ç—Å—Ç–≤–∏–µ —Ç—Ä–µ–±–æ–≤–...

You may provide a definition with
\DeclareUnicodeCharacter 


! Package inputenc Error: Unicode character —Ç (U+442)
(inputenc)                not set up for use with LaTeX.

See the inputenc package documentation for explanation.
Type  H <return>  for immediate help.
 ...                                              
                                                  
l.2 ...—Ä–æ–ª—è –∏–∑–¥–µ–ª–∏–π –Ω–∞ —Å–æ–æ—Ç–≤–µ—Ç
                                                  —Å—Ç–≤–∏–µ —Ç—Ä–µ–±–æ–≤–∞–...

You may provide a definition with
\DeclareUnicodeCharacter 


! Package inputenc Error: Unicode character —Å (U+441)
(inputenc)                not set up for use with LaTeX.

See the inputenc package documentation for explanation.
Type  H <return>  for immediate help.
 ...                                              
                                                  
l.2 ...–æ–ª—è –∏–∑–¥–µ–ª–∏–π –Ω–∞ —Å–æ–æ—Ç–≤–µ—Ç—Å
                                                  —Ç–≤–∏–µ —Ç—Ä–µ–±–æ–≤–∞–Ω–...

You may provide a definition with
\DeclareUnicodeCharacter 


! Package inputenc Error: Unicode character —Ç (U+442)
(inputenc)                not set up for use with LaTeX.

See the inputenc package documentation for explanation.
Type  H <return>  for immediate help.
 ...                                              
                                                  
l.2 ...–ª—è –∏–∑–¥–µ–ª–∏–π –Ω–∞ —Å–æ–æ—Ç–≤–µ—Ç—Å—Ç
                                                  –≤–∏–µ —Ç—Ä–µ–±–æ–≤–∞–Ω–∏—...

You may provide a definition with
\DeclareUnicodeCharacter 


! Package inputenc Error: Unicode character –≤ (U+432)
(inputenc)                not set up for use with LaTeX.

See the inputenc package documentation for explanation.
Type  H <return>  for immediate help.
 ...                                              
                                                  
l.2 ...—è –∏–∑–¥–µ–ª–∏–π –Ω–∞ —Å–æ–æ—Ç–≤–µ—Ç—Å—Ç–≤
                                                  –∏–µ —Ç—Ä–µ–±–æ–≤–∞–Ω–∏—è–...

You may provide a definition with
\DeclareUnicodeCharacter 


! Package inputenc Error: Unicode character –∏ (U+438)
(inputenc)                not set up for use with LaTeX.

See the inputenc package documentation for explanation.
Type  H <return>  for immediate help.
 ...                                              
                                                  
l.2 ... –∏–∑–¥–µ–ª–∏–π –Ω–∞ —Å–æ–æ—Ç–≤–µ—Ç—Å—Ç–≤–∏
                                                  –µ —Ç—Ä–µ–±–æ–≤–∞–Ω–∏—è–º ...

You may provide a definition with
\DeclareUnicodeCharacter 


! Package inputenc Error: Unicode character –µ (U+435)
(inputenc)                not set up for use with LaTeX.

See the inputenc package documentation for explanation.
Type  H <return>  for immediate help.
 ...                                              
                                                  
l.2 ...∏–∑–¥–µ–ª–∏–π –Ω–∞ —Å–æ–æ—Ç–≤–µ—Ç—Å—Ç–≤–∏–µ
                                                   —Ç—Ä–µ–±–æ–≤–∞–Ω–∏—è–º –¢...

You may provide a definition with
\DeclareUnicodeCharacter 


! Package inputenc Error: Unicode character —Ç (U+442)
(inputenc)                not set up for use with LaTeX.

See the inputenc package documentation for explanation.
Type  H <return>  for immediate help.
 ...                                              
                                                  
l.2 ...–¥–µ–ª–∏–π –Ω–∞ —Å–æ–æ—Ç–≤–µ—Ç—Å—Ç–≤–∏–µ —Ç
                                                  —Ä–µ–±–æ–≤–∞–Ω–∏—è–º –¢–£ ...

You may provide a definition with
\DeclareUnicodeCharacter 


! Package inputenc Error: Unicode character —Ä (U+440)
(inputenc)                not set up for use with LaTeX.

See the inputenc package documentation for explanation.
Type  H <return>  for immediate help.
 ...                                              
                                                  
l.2 ...–µ–ª–∏–π –Ω–∞ —Å–æ–æ—Ç–≤–µ—Ç—Å—Ç–≤–∏–µ —Ç—Ä
                                                  –µ–±–æ–≤–∞–Ω–∏—è–º –¢–£ –∏...

You may provide a definition with
\DeclareUnicodeCharacter 


! Package inputenc Error: Unicode character –µ (U+435)
(inputenc)                not set up for use with LaTeX.

See the inputenc package documentation for explanation.
Type  H <return>  for immediate help.
 ...                                              
                                                  
l.2 ...–ª–∏–π –Ω–∞ —Å–æ–æ—Ç–≤–µ—Ç—Å—Ç–≤–∏–µ —Ç—Ä–µ
                                                  –±–æ–≤–∞–Ω–∏—è–º –¢–£ –∏ –...

You may provide a definition with
\DeclareUnicodeCharacter 


! Package inputenc Error: Unicode character –± (U+431)
(inputenc)                not set up for use with LaTeX.

See the inputenc package documentation for explanation.
Type  H <return>  for immediate help.
 ...                                              
                                                  
l.2 ...–∏–π –Ω–∞ —Å–æ–æ—Ç–≤–µ—Ç—Å—Ç–≤–∏–µ —Ç—Ä–µ–±
                                                  –æ–≤–∞–Ω–∏—è–º –¢–£ –∏ –æ–...

You may provide a definition with
\DeclareUnicodeCharacter 


! Package inputenc Error: Unicode character –æ (U+43E)
(inputenc)                not set up for use with LaTeX.

See the inputenc package documentation for explanation.
Type  H <return>  for immediate help.
 ...                                              
                                                  
l.2 ...–π –Ω–∞ —Å–æ–æ—Ç–≤–µ—Ç—Å—Ç–≤–∏–µ —Ç—Ä–µ–±–æ
                                                  –≤–∞–Ω–∏—è–º –¢–£ –∏ –æ–ø—...

You may provide a definition with
\DeclareUnicodeCharacter 


! Package inputenc Error: Unicode character –≤ (U+432)
(inputenc)                not set up for use with LaTeX.

See the inputenc package documentation for explanation.
Type  H <return>  for immediate help.
 ...                                              
                                                  
l.2 ... –Ω–∞ —Å–æ–æ—Ç–≤–µ—Ç—Å—Ç–≤–∏–µ —Ç—Ä–µ–±–æ–≤
                                                  –∞–Ω–∏—è–º –¢–£ –∏ –æ–ø—Ä–...

You may provide a definition with
\DeclareUnicodeCharacter 


! Package inputenc Error: Unicode character –∞ (U+430)
(inputenc)                not set up for use with LaTeX.

See the inputenc package documentation for explanation.
Type  H <return>  for immediate help.
 ...                                              
                                                  
l.2 ...Ω–∞ —Å–æ–æ—Ç–≤–µ—Ç—Å—Ç–≤–∏–µ —Ç—Ä–µ–±–æ–≤–∞
                                                  –Ω–∏—è–º –¢–£ –∏ –æ–ø—Ä–µ–...

You may provide a definition with
\DeclareUnicodeCharacter 


! Package inputenc Error: Unicode character –Ω (U+43D)
(inputenc)                not set up for use with LaTeX.

See the inputenc package documentation for explanation.
Type  H <return>  for immediate help.
 ...                                              
                                                  
l.2 ...∞ —Å–æ–æ—Ç–≤–µ—Ç—Å—Ç–≤–∏–µ —Ç—Ä–µ–±–æ–≤–∞–Ω
                                                  –∏—è–º –¢–£ –∏ –æ–ø—Ä–µ–¥–...

You may provide a definition with
\DeclareUnicodeCharacter 


! Package inputenc Error: Unicode character –∏ (U+438)
(inputenc)                not set up for use with LaTeX.

See the inputenc package documentation for explanation.
Type  H <return>  for immediate help.
 ...                                              
                                                  
l.2 ...—Å–æ–æ—Ç–≤–µ—Ç—Å—Ç–≤–∏–µ —Ç—Ä–µ–±–æ–≤–∞–Ω–∏
                                                  —è–º –¢–£ –∏ –æ–ø—Ä–µ–¥–µ–...

You may provide a definition with
\DeclareUnicodeCharacter 


! Package inputenc Error: Unicode character —è (U+44F)
(inputenc)                not set up for use with LaTeX.

See the inputenc package documentation for explanation.
Type  H <return>  for immediate help.
 ...                                              
                                                  
l.2 ...–æ–æ—Ç–≤–µ—Ç—Å—Ç–≤–∏–µ —Ç—Ä–µ–±–æ–≤–∞–Ω–∏—è
                                                  –º –¢–£ –∏ –æ–ø—Ä–µ–¥–µ–ª–...

You may provide a definition with
\DeclareUnicodeCharacter 


! Package inputenc Error: Unicode character –º (U+43C)
(inputenc)                not set up for use with LaTeX.

See the inputenc package documentation for explanation.
Type  H <return>  for immediate help.
 ...                                              
                                                  
l.2 ...–æ—Ç–≤–µ—Ç—Å—Ç–≤–∏–µ —Ç—Ä–µ–±–æ–≤–∞–Ω–∏—è–º
                                                   –¢–£ –∏ –æ–ø—Ä–µ–¥–µ–ª–µ–...

You may provide a definition with
\DeclareUnicodeCharacter 


! Package inputenc Error: Unicode character –¢ (U+422)
(inputenc)                not set up for use with LaTeX.

See the inputenc package documentation for explanation.
Type  H <return>  for immediate help.
 ...                                              
                                                  
l.2 ...Ç–≤–µ—Ç—Å—Ç–≤–∏–µ —Ç—Ä–µ–±–æ–≤–∞–Ω–∏—è–º –¢
                                                  –£ –∏ –æ–ø—Ä–µ–¥–µ–ª–µ–Ω–∏...
(That makes 100 errors; please try again.) 
Here is how much of TeX's memory you used:
 37 strings out of 492973
 502 string characters out of 3135915
 56558 words of memory out of 3000000
 4007 multiletter control sequences out of 15000+200000
 3640 words of font info for 14 fonts, out of 3000000 for 9000
 1141 hyphenation exceptions out of 8191
 10i,0n,10p,367b,14s stack positions out of 5000i,500n,10000p,200000b,50000s

!  ==> Fatal error occurred, no output PDF file produced!
